{"/home/governor/Desktop/typegraphql-typeorm-pg/src/data-source.ts": {"path":"/home/governor/Desktop/typegraphql-typeorm-pg/src/data-source.ts","statementMap":{"0":{"start":{"line":1,"column":0},"end":{"line":1,"column":26}},"1":{"start":{"line":2,"column":0},"end":{"line":2,"column":23}},"2":{"start":{"line":3,"column":0},"end":{"line":3,"column":37}},"3":{"start":{"line":4,"column":0},"end":{"line":4,"column":43}},"4":{"start":{"line":6,"column":13},"end":{"line":17,"column":3}}},"fnMap":{},"branchMap":{},"s":{"0":0,"1":0,"2":0,"3":0,"4":0},"f":{},"b":{}}
,"/home/governor/Desktop/typegraphql-typeorm-pg/src/index.ts": {"path":"/home/governor/Desktop/typegraphql-typeorm-pg/src/index.ts","statementMap":{"0":{"start":{"line":1,"column":0},"end":{"line":1,"column":23}},"1":{"start":{"line":2,"column":0},"end":{"line":2,"column":30}},"2":{"start":{"line":3,"column":0},"end":{"line":3,"column":43}},"3":{"start":{"line":4,"column":0},"end":{"line":4,"column":46}},"4":{"start":{"line":5,"column":0},"end":{"line":5,"column":46}},"5":{"start":{"line":6,"column":0},"end":{"line":6,"column":66}},"6":{"start":{"line":7,"column":0},"end":{"line":7,"column":43}},"7":{"start":{"line":8,"column":0},"end":{"line":8,"column":61}},"8":{"start":{"line":12,"column":4},"end":{"line":12,"column":37}},"9":{"start":{"line":15,"column":19},"end":{"line":18,"column":6}},"10":{"start":{"line":21,"column":29},"end":{"line":21,"column":64}},"11":{"start":{"line":22,"column":26},"end":{"line":25,"column":6}},"12":{"start":{"line":26,"column":4},"end":{"line":26,"column":47}},"13":{"start":{"line":29,"column":19},"end":{"line":29,"column":47}},"14":{"start":{"line":30,"column":20},"end":{"line":30,"column":83}},"15":{"start":{"line":31,"column":4},"end":{"line":31,"column":50}},"16":{"start":{"line":34,"column":0},"end":{"line":34,"column":33}}},"fnMap":{"0":{"name":"bootstrap","decl":{"start":{"line":10,"column":15},"end":{"line":10,"column":24}},"loc":{"start":{"line":10,"column":24},"end":{"line":32,"column":1}}}},"branchMap":{},"s":{"0":0,"1":0,"2":0,"3":0,"4":0,"5":0,"6":0,"7":0,"8":0,"9":0,"10":0,"11":0,"12":0,"13":0,"14":0,"15":0,"16":0},"f":{"0":0},"b":{}}
,"/home/governor/Desktop/typegraphql-typeorm-pg/src/entities/Person.ts": {"path":"/home/governor/Desktop/typegraphql-typeorm-pg/src/entities/Person.ts","statementMap":{"0":{"start":{"line":1,"column":0},"end":{"line":1,"column":49}},"1":{"start":{"line":2,"column":0},"end":{"line":2,"column":65}},"2":{"start":{"line":6,"column":7},"end":{"line":18,"column":null}},"3":{"start":{"line":6,"column":13},"end":{"line":6,"column":19}},"4":{"start":{"line":9,"column":13},"end":{"line":9,"column":null}},"5":{"start":{"line":13,"column":4},"end":{"line":13,"column":null}},"6":{"start":{"line":17,"column":4},"end":{"line":17,"column":null}},"7":{"start":{"line":6,"column":13},"end":{"line":18,"column":null}}},"fnMap":{},"branchMap":{},"s":{"0":0,"1":0,"2":0,"3":0,"4":0,"5":0,"6":0,"7":0},"f":{},"b":{}}
,"/home/governor/Desktop/typegraphql-typeorm-pg/src/resolvers/person.resolver.ts": {"path":"/home/governor/Desktop/typegraphql-typeorm-pg/src/resolvers/person.resolver.ts","statementMap":{"0":{"start":{"line":1,"column":0},"end":{"line":1,"column":62}},"1":{"start":{"line":3,"column":0},"end":{"line":3,"column":47}},"2":{"start":{"line":4,"column":0},"end":{"line":4,"column":44}},"3":{"start":{"line":5,"column":0},"end":{"line":5,"column":75}},"4":{"start":{"line":6,"column":0},"end":{"line":6,"column":52}},"5":{"start":{"line":7,"column":0},"end":{"line":7,"column":54}},"6":{"start":{"line":10,"column":7},"end":{"line":35,"column":null}},"7":{"start":{"line":15,"column":8},"end":{"line":15,"column":68}},"8":{"start":{"line":20,"column":8},"end":{"line":25,"column":10}},"9":{"start":{"line":21,"column":23},"end":{"line":24,"column":14}},"10":{"start":{"line":22,"column":37},"end":{"line":22,"column":100}},"11":{"start":{"line":23,"column":16},"end":{"line":23,"column":51}},"12":{"start":{"line":32,"column":26},"end":{"line":32,"column":62}},"13":{"start":{"line":33,"column":8},"end":{"line":33,"column":53}},"14":{"start":{"line":10,"column":13},"end":{"line":10,"column":27}},"15":{"start":{"line":19,"column":10},"end":{"line":26,"column":null}},"16":{"start":{"line":18,"column":23},"end":{"line":18,"column":37}},"17":{"start":{"line":29,"column":10},"end":{"line":34,"column":null}},"18":{"start":{"line":28,"column":26},"end":{"line":28,"column":32}},"19":{"start":{"line":10,"column":13},"end":{"line":35,"column":null}}},"fnMap":{"0":{"name":"(anonymous_5)","decl":{"start":{"line":14,"column":4},"end":{"line":14,"column":null}},"loc":{"start":{"line":14,"column":4},"end":{"line":16,"column":5}}},"1":{"name":"(anonymous_6)","decl":{"start":{"line":19,"column":4},"end":{"line":19,"column":9}},"loc":{"start":{"line":19,"column":19},"end":{"line":26,"column":5}}},"2":{"name":"(anonymous_7)","decl":{"start":{"line":21,"column":12},"end":{"line":21,"column":19}},"loc":{"start":{"line":21,"column":23},"end":{"line":24,"column":14}}},"3":{"name":"(anonymous_8)","decl":{"start":{"line":21,"column":35},"end":{"line":21,"column":41}},"loc":{"start":{"line":21,"column":44},"end":{"line":24,"column":13}}},"4":{"name":"(anonymous_9)","decl":{"start":{"line":29,"column":4},"end":{"line":29,"column":9}},"loc":{"start":{"line":30,"column":42},"end":{"line":34,"column":5}}},"5":{"name":"(anonymous_10)","decl":{"start":{"line":18,"column":11},"end":{"line":18,"column":19}},"loc":{"start":{"line":18,"column":23},"end":{"line":18,"column":37}}},"6":{"name":"(anonymous_11)","decl":{"start":{"line":28,"column":14},"end":{"line":28,"column":22}},"loc":{"start":{"line":28,"column":26},"end":{"line":28,"column":32}}}},"branchMap":{},"s":{"0":0,"1":0,"2":0,"3":0,"4":0,"5":0,"6":0,"7":0,"8":0,"9":0,"10":0,"11":0,"12":0,"13":0,"14":0,"15":0,"16":0,"17":0,"18":0,"19":0},"f":{"0":0,"1":0,"2":0,"3":0,"4":0,"5":0,"6":0},"b":{}}
,"/home/governor/Desktop/typegraphql-typeorm-pg/src/types/person.input.ts": {"path":"/home/governor/Desktop/typegraphql-typeorm-pg/src/types/person.input.ts","statementMap":{"0":{"start":{"line":1,"column":0},"end":{"line":1,"column":48}},"1":{"start":{"line":5,"column":7},"end":{"line":11,"column":null}},"2":{"start":{"line":5,"column":13},"end":{"line":5,"column":24}},"3":{"start":{"line":7,"column":4},"end":{"line":7,"column":null}},"4":{"start":{"line":10,"column":4},"end":{"line":10,"column":null}},"5":{"start":{"line":5,"column":13},"end":{"line":11,"column":null}}},"fnMap":{},"branchMap":{},"s":{"0":0,"1":0,"2":0,"3":0,"4":0,"5":0},"f":{},"b":{}}
,"/home/governor/Desktop/typegraphql-typeorm-pg/src/types/person.output.ts": {"path":"/home/governor/Desktop/typegraphql-typeorm-pg/src/types/person.output.ts","statementMap":{"0":{"start":{"line":1,"column":0},"end":{"line":1,"column":49}},"1":{"start":{"line":2,"column":0},"end":{"line":2,"column":44}},"2":{"start":{"line":5,"column":7},"end":{"line":8,"column":null}},"3":{"start":{"line":5,"column":13},"end":{"line":5,"column":25}},"4":{"start":{"line":7,"column":4},"end":{"line":7,"column":null}},"5":{"start":{"line":5,"column":13},"end":{"line":8,"column":null}}},"fnMap":{},"branchMap":{},"s":{"0":0,"1":0,"2":0,"3":0,"4":0,"5":0},"f":{},"b":{}}
}
